This is pdfTeX, Version 3.14159265-2.6-1.40.18 (TeX Live 2017) (preloaded format=pdflatex 2017.10.4)  28 NOV 2017 13:32
entering extended mode
 restricted \write18 enabled.
 file:line:error style messages enabled.
 %&-line parsing enabled.
**TRACE_CarpModel.tex
(./TRACE_CarpModel.tex
LaTeX2e <2017-04-15>
Babel <3.13> and hyphenation patterns for 84 language(s) loaded.
(/usr/local/texlive/2017/texmf-dist/tex/latex/base/article.cls
Document Class: article 2014/09/29 v1.4h Standard LaTeX document class
(/usr/local/texlive/2017/texmf-dist/tex/latex/base/size10.clo
File: size10.clo 2014/09/29 v1.4h Standard LaTeX file (size option)
)
\c@part=\count79
\c@section=\count80
\c@subsection=\count81
\c@subsubsection=\count82
\c@paragraph=\count83
\c@subparagraph=\count84
\c@figure=\count85
\c@table=\count86
\abovecaptionskip=\skip41
\belowcaptionskip=\skip42
\bibindent=\dimen102
)
(/usr/local/texlive/2017/texmf-dist/tex/latex/geometry/geometry.sty
Package: geometry 2010/09/12 v5.6 Page Geometry

(/usr/local/texlive/2017/texmf-dist/tex/latex/graphics/keyval.sty
Package: keyval 2014/10/28 v1.15 key=value parser (DPC)
\KV@toks@=\toks14
)
(/usr/local/texlive/2017/texmf-dist/tex/generic/oberdiek/ifpdf.sty
Package: ifpdf 2017/03/15 v3.2 Provides the ifpdf switch
)
(/usr/local/texlive/2017/texmf-dist/tex/generic/oberdiek/ifvtex.sty
Package: ifvtex 2016/05/16 v1.6 Detect VTeX and its facilities (HO)
Package ifvtex Info: VTeX not detected.
)
(/usr/local/texlive/2017/texmf-dist/tex/generic/ifxetex/ifxetex.sty
Package: ifxetex 2010/09/12 v0.6 Provides ifxetex conditional
)
\Gm@cnth=\count87
\Gm@cntv=\count88
\c@Gm@tempcnt=\count89
\Gm@bindingoffset=\dimen103
\Gm@wd@mp=\dimen104
\Gm@odd@mp=\dimen105
\Gm@even@mp=\dimen106
\Gm@layoutwidth=\dimen107
\Gm@layoutheight=\dimen108
\Gm@layouthoffset=\dimen109
\Gm@layoutvoffset=\dimen110
\Gm@dimlist=\toks15
)
(/usr/local/texlive/2017/texmf-dist/tex/latex/fancyhdr/fancyhdr.sty
Package: fancyhdr 2017/06/30 v3.9a Extensive control of page headers and footer
s
\f@nch@headwidth=\skip43
\f@nch@O@elh=\skip44
\f@nch@O@erh=\skip45
\f@nch@O@olh=\skip46
\f@nch@O@orh=\skip47
\f@nch@O@elf=\skip48
\f@nch@O@erf=\skip49
\f@nch@O@olf=\skip50
\f@nch@O@orf=\skip51
)
(/usr/local/texlive/2017/texmf-dist/tex/latex/titlesec/titlesec.sty
Package: titlesec 2016/03/21 v2.10.2 Sectioning titles
\ttl@box=\box26
\beforetitleunit=\skip52
\aftertitleunit=\skip53
\ttl@plus=\dimen111
\ttl@minus=\dimen112
\ttl@toksa=\toks16
\titlewidth=\dimen113
\titlewidthlast=\dimen114
\titlewidthfirst=\dimen115
)
(/usr/local/texlive/2017/texmf-dist/tex/latex/titlesec/titletoc.sty
Package: titletoc 2011/12/15 v1.6 TOC entries
\ttl@leftsep=\dimen116
)
(/usr/local/texlive/2017/texmf-dist/tex/latex/url/url.sty
\Urlmuskip=\muskip10
Package: url 2013/09/16  ver 3.4  Verb mode for urls, etc.
)
(/usr/local/texlive/2017/texmf-dist/tex/latex/natbib/natbib.sty
Package: natbib 2010/09/13 8.31b (PWD, AO)
\bibhang=\skip54
\bibsep=\skip55
LaTeX Info: Redefining \cite on input line 694.
\c@NAT@ctr=\count90
)
(/usr/local/texlive/2017/texmf-dist/tex/latex/tocbibind/tocbibind.sty
Package: tocbibind 2010/10/13 v1.5k extra ToC listings
Package tocbibind Info: The document has section divisions on input line 50.


Package tocbibind Note: Using section or other style headings.

) (/usr/local/texlive/2017/texmf-dist/tex/latex/setspace/setspace.sty
Package: setspace 2011/12/19 v6.7a set line spacing
)
(/usr/local/texlive/2017/texmf-dist/tex/latex/graphics/graphicx.sty
Package: graphicx 2017/06/01 v1.1a Enhanced LaTeX Graphics (DPC,SPQR)

(/usr/local/texlive/2017/texmf-dist/tex/latex/graphics/graphics.sty
Package: graphics 2017/06/25 v1.2c Standard LaTeX Graphics (DPC,SPQR)

(/usr/local/texlive/2017/texmf-dist/tex/latex/graphics/trig.sty
Package: trig 2016/01/03 v1.10 sin cos tan (DPC)
)
(/usr/local/texlive/2017/texmf-dist/tex/latex/graphics-cfg/graphics.cfg
File: graphics.cfg 2016/06/04 v1.11 sample graphics configuration
)
Package graphics Info: Driver file: pdftex.def on input line 99.

(/usr/local/texlive/2017/texmf-dist/tex/latex/graphics-def/pdftex.def
File: pdftex.def 2017/06/24 v1.0g Graphics/color driver for pdftex
))
\Gin@req@height=\dimen117
\Gin@req@width=\dimen118
)
(/usr/local/texlive/2017/texmf-dist/tex/latex/caption/subcaption.sty
Package: subcaption 2016/05/22 v1.1-161 Sub-captions (AR)

(/usr/local/texlive/2017/texmf-dist/tex/latex/caption/caption.sty
Package: caption 2016/02/21 v3.3-144 Customizing captions (AR)

(/usr/local/texlive/2017/texmf-dist/tex/latex/caption/caption3.sty
Package: caption3 2016/05/22 v1.7-166 caption3 kernel (AR)
Package caption3 Info: TeX engine: e-TeX on input line 67.
\captionmargin=\dimen119
\captionmargin@=\dimen120
\captionwidth=\dimen121
\caption@tempdima=\dimen122
\caption@indent=\dimen123
\caption@parindent=\dimen124
\caption@hangindent=\dimen125
)
\c@ContinuedFloat=\count91
)
\c@subfigure=\count92
\c@subtable=\count93
)
(/usr/local/texlive/2017/texmf-dist/tex/latex/tocloft/tocloft.sty
Package: tocloft 2017/08/31 v2.3i parameterised ToC, etc., typesetting
Package tocloft Info: The document has section divisions on input line 51.
\cftparskip=\skip56
\cftbeforetoctitleskip=\skip57
\cftaftertoctitleskip=\skip58
\cftbeforepartskip=\skip59
\cftpartnumwidth=\skip60
\cftpartindent=\skip61
\cftbeforesecskip=\skip62
\cftsecindent=\skip63
\cftsecnumwidth=\skip64
\cftbeforesubsecskip=\skip65
\cftsubsecindent=\skip66
\cftsubsecnumwidth=\skip67
\cftbeforesubsubsecskip=\skip68
\cftsubsubsecindent=\skip69
\cftsubsubsecnumwidth=\skip70
\cftbeforeparaskip=\skip71
\cftparaindent=\skip72
\cftparanumwidth=\skip73
\cftbeforesubparaskip=\skip74
\cftsubparaindent=\skip75
\cftsubparanumwidth=\skip76
\cftbeforeloftitleskip=\skip77
\cftafterloftitleskip=\skip78
\cftbeforefigskip=\skip79
\cftfigindent=\skip80
\cftfignumwidth=\skip81
\c@lofdepth=\count94
\c@lotdepth=\count95
\cftbeforelottitleskip=\skip82
\cftafterlottitleskip=\skip83
\cftbeforetabskip=\skip84
\cfttabindent=\skip85
\cfttabnumwidth=\skip86
)
(/usr/local/texlive/2017/texmf-dist/tex/latex/parskip/parskip.sty
Package: parskip 2001/04/09 non-zero parskip adjustments


LaTeX Warning: Command \@starttoc  has changed.
               Check if current package is valid.

) (/usr/local/texlive/2017/texmf-dist/tex/latex/amsmath/amsmath.sty
Package: amsmath 2017/09/02 v2.17a AMS math features
\@mathmargin=\skip87

For additional information on amsmath, use the `?' option.
(/usr/local/texlive/2017/texmf-dist/tex/latex/amsmath/amstext.sty
Package: amstext 2000/06/29 v2.01 AMS text

(/usr/local/texlive/2017/texmf-dist/tex/latex/amsmath/amsgen.sty
File: amsgen.sty 1999/11/30 v2.0 generic functions
\@emptytoks=\toks17
\ex@=\dimen126
))
(/usr/local/texlive/2017/texmf-dist/tex/latex/amsmath/amsbsy.sty
Package: amsbsy 1999/11/29 v1.2d Bold Symbols
\pmbraise@=\dimen127
)
(/usr/local/texlive/2017/texmf-dist/tex/latex/amsmath/amsopn.sty
Package: amsopn 2016/03/08 v2.02 operator names
)
\inf@bad=\count96
LaTeX Info: Redefining \frac on input line 213.
\uproot@=\count97
\leftroot@=\count98
LaTeX Info: Redefining \overline on input line 375.
\classnum@=\count99
\DOTSCASE@=\count100
LaTeX Info: Redefining \ldots on input line 472.
LaTeX Info: Redefining \dots on input line 475.
LaTeX Info: Redefining \cdots on input line 596.
\Mathstrutbox@=\box27
\strutbox@=\box28
\big@size=\dimen128
LaTeX Font Info:    Redeclaring font encoding OML on input line 712.
LaTeX Font Info:    Redeclaring font encoding OMS on input line 713.
\macc@depth=\count101
\c@MaxMatrixCols=\count102
\dotsspace@=\muskip11
\c@parentequation=\count103
\dspbrk@lvl=\count104
\tag@help=\toks18
\row@=\count105
\column@=\count106
\maxfields@=\count107
\andhelp@=\toks19
\eqnshift@=\dimen129
\alignsep@=\dimen130
\tagshift@=\dimen131
\tagwidth@=\dimen132
\totwidth@=\dimen133
\lineht@=\dimen134
\@envbody=\toks20
\multlinegap=\skip88
\multlinetaggap=\skip89
\mathdisplay@stack=\toks21
LaTeX Info: Redefining \[ on input line 2817.
LaTeX Info: Redefining \] on input line 2818.
)
(/usr/local/texlive/2017/texmf-dist/tex/latex/amsfonts/amssymb.sty
Package: amssymb 2013/01/14 v3.01 AMS font symbols

(/usr/local/texlive/2017/texmf-dist/tex/latex/amsfonts/amsfonts.sty
Package: amsfonts 2013/01/14 v3.01 Basic AMSFonts support
\symAMSa=\mathgroup4
\symAMSb=\mathgroup5
LaTeX Font Info:    Overwriting math alphabet `\mathfrak' in version `bold'
(Font)                  U/euf/m/n --> U/euf/b/n on input line 106.
))
(/usr/local/texlive/2017/texmf-dist/tex/latex/ltxmisc/topcapt.sty
Package: topcapt 2004/12/11 v1.2 Caption at top of float
)
(/usr/local/texlive/2017/texmf-dist/tex/latex/booktabs/booktabs.sty
Package: booktabs 2016/04/27 v1.618033 publication quality tables
\heavyrulewidth=\dimen135
\lightrulewidth=\dimen136
\cmidrulewidth=\dimen137
\belowrulesep=\dimen138
\belowbottomsep=\dimen139
\aboverulesep=\dimen140
\abovetopsep=\dimen141
\cmidrulesep=\dimen142
\cmidrulekern=\dimen143
\defaultaddspace=\dimen144
\@cmidla=\count108
\@cmidlb=\count109
\@aboverulesep=\dimen145
\@belowrulesep=\dimen146
\@thisruleclass=\count110
\@lastruleclass=\count111
\@thisrulewidth=\dimen147
)
(./TRACE_CarpModel.aux

LaTeX Warning: Label `fig:suv1' multiply defined.


LaTeX Warning: Label `sub@fig:suv1' multiply defined.


LaTeX Warning: Label `fig:scn1' multiply defined.


LaTeX Warning: Label `fig:scn3out' multiply defined.


LaTeX Warning: Label `fig:sensET' multiply defined.


LaTeX Warning: Label `sub@fig:sensET' multiply defined.


LaTeX Warning: Label `fig:sensEKG' multiply defined.


LaTeX Warning: Label `sub@fig:sensEKG' multiply defined.


LaTeX Warning: Label `fig:sensEKG' multiply defined.


LaTeX Warning: Label `sub@fig:sensEKG' multiply defined.

)
\openout1 = `TRACE_CarpModel.aux'.

LaTeX Font Info:    Checking defaults for OML/cmm/m/it on input line 114.
LaTeX Font Info:    ... okay on input line 114.
LaTeX Font Info:    Checking defaults for T1/cmr/m/n on input line 114.
LaTeX Font Info:    ... okay on input line 114.
LaTeX Font Info:    Checking defaults for OT1/cmr/m/n on input line 114.
LaTeX Font Info:    ... okay on input line 114.
LaTeX Font Info:    Checking defaults for OMS/cmsy/m/n on input line 114.
LaTeX Font Info:    ... okay on input line 114.
LaTeX Font Info:    Checking defaults for OMX/cmex/m/n on input line 114.
LaTeX Font Info:    ... okay on input line 114.
LaTeX Font Info:    Checking defaults for U/cmr/m/n on input line 114.
LaTeX Font Info:    ... okay on input line 114.

*geometry* driver: auto-detecting
*geometry* detected driver: pdftex
*geometry* verbose mode - [ preamble ] result:
* driver: pdftex
* paper: letterpaper
* layout: <same size as paper>
* layoutoffset:(h,v)=(0.0pt,0.0pt)
* modes: 
* h-part:(L,W,R)=(72.26999pt, 469.75502pt, 72.26999pt)
* v-part:(T,H,B)=(72.26999pt, 650.43001pt, 72.26999pt)
* \paperwidth=614.295pt
* \paperheight=794.96999pt
* \textwidth=469.75502pt
* \textheight=650.43001pt
* \oddsidemargin=0.0pt
* \evensidemargin=0.0pt
* \topmargin=-37.0pt
* \headheight=12.0pt
* \headsep=25.0pt
* \topskip=10.0pt
* \footskip=30.0pt
* \marginparwidth=65.0pt
* \marginparsep=11.0pt
* \columnsep=10.0pt
* \skip\footins=9.0pt plus 4.0pt minus 2.0pt
* \hoffset=0.0pt
* \voffset=0.0pt
* \mag=1000
* \@twocolumnfalse
* \@twosidefalse
* \@mparswitchfalse
* \@reversemarginfalse
* (1in=72.27pt=25.4mm, 1cm=28.453pt)

(/usr/local/texlive/2017/texmf-dist/tex/context/base/mkii/supp-pdf.mkii
[Loading MPS to PDF converter (version 2006.09.02).]
\scratchcounter=\count112
\scratchdimen=\dimen148
\scratchbox=\box29
\nofMPsegments=\count113
\nofMParguments=\count114
\everyMPshowfont=\toks22
\MPscratchCnt=\count115
\MPscratchDim=\dimen149
\MPnumerator=\count116
\makeMPintoPDFobject=\count117
\everyMPtoPDFconversion=\toks23
) (/usr/local/texlive/2017/texmf-dist/tex/latex/oberdiek/epstopdf-base.sty
Package: epstopdf-base 2016/05/15 v2.6 Base part for package epstopdf

(/usr/local/texlive/2017/texmf-dist/tex/generic/oberdiek/infwarerr.sty
Package: infwarerr 2016/05/16 v1.4 Providing info/warning/error messages (HO)
)
(/usr/local/texlive/2017/texmf-dist/tex/latex/oberdiek/grfext.sty
Package: grfext 2016/05/16 v1.2 Manage graphics extensions (HO)

(/usr/local/texlive/2017/texmf-dist/tex/generic/oberdiek/kvdefinekeys.sty
Package: kvdefinekeys 2016/05/16 v1.4 Define keys (HO)

(/usr/local/texlive/2017/texmf-dist/tex/generic/oberdiek/ltxcmds.sty
Package: ltxcmds 2016/05/16 v1.23 LaTeX kernel commands for general use (HO)
)))
(/usr/local/texlive/2017/texmf-dist/tex/latex/oberdiek/kvoptions.sty
Package: kvoptions 2016/05/16 v3.12 Key value format for package options (HO)

(/usr/local/texlive/2017/texmf-dist/tex/generic/oberdiek/kvsetkeys.sty
Package: kvsetkeys 2016/05/16 v1.17 Key value parser (HO)

(/usr/local/texlive/2017/texmf-dist/tex/generic/oberdiek/etexcmds.sty
Package: etexcmds 2016/05/16 v1.6 Avoid name clashes with e-TeX commands (HO)

(/usr/local/texlive/2017/texmf-dist/tex/generic/oberdiek/ifluatex.sty
Package: ifluatex 2016/05/16 v1.4 Provides the ifluatex switch (HO)
Package ifluatex Info: LuaTeX not detected.
)
Package etexcmds Info: Could not find \expanded.
(etexcmds)             That can mean that you are not using pdfTeX 1.50 or
(etexcmds)             that some package has redefined \expanded.
(etexcmds)             In the latter case, load this package earlier.
)))
(/usr/local/texlive/2017/texmf-dist/tex/generic/oberdiek/pdftexcmds.sty
Package: pdftexcmds 2017/03/19 v0.25 Utility functions of pdfTeX for LuaTeX (HO
)
Package pdftexcmds Info: LuaTeX not detected.
Package pdftexcmds Info: \pdf@primitive is available.
Package pdftexcmds Info: \pdf@ifprimitive is available.
Package pdftexcmds Info: \pdfdraftmode found.
)
Package epstopdf-base Info: Redefining graphics rule for `.eps' on input line 4
38.
Package grfext Info: Graphics extension search list:
(grfext)             [.pdf,.png,.jpg,.mps,.jpeg,.jbig2,.jb2,.PDF,.PNG,.JPG,.JPE
G,.JBIG2,.JB2,.eps]
(grfext)             \AppendGraphicsExtensions on input line 456.

(/usr/local/texlive/2017/texmf-dist/tex/latex/latexconfig/epstopdf-sys.cfg
File: epstopdf-sys.cfg 2010/07/13 v1.3 Configuration of (r)epstopdf for TeX Liv
e
))
Package caption Info: Begin \AtBeginDocument code.
Package caption Info: `topcapt' package detected; setting `position=b' for comp
atibility reasons.
Package caption Info: End \AtBeginDocument code.

[1{/usr/local/texlive/2017/texmf-var/fonts/map/pdftex/updmap/pdftex.map}

]
(./TRACE_CarpModel.toc
LaTeX Font Info:    Try loading font information for U+msa on input line 1.

(/usr/local/texlive/2017/texmf-dist/tex/latex/amsfonts/umsa.fd
File: umsa.fd 2013/01/14 v3.01 AMS symbols A
)
LaTeX Font Info:    Try loading font information for U+msb on input line 1.

(/usr/local/texlive/2017/texmf-dist/tex/latex/amsfonts/umsb.fd
File: umsb.fd 2013/01/14 v3.01 AMS symbols B
) [2])
\tf@toc=\write3
\openout3 = `TRACE_CarpModel.toc'.

 [3]
<carpMap.pdf, id=16, pagebox=cropbox, 526.96875pt x 338.76563pt>
File: carpMap.pdf Graphic file (type pdf)
<use carpMap.pdf>
Package pdftex.def Info: carpMap.pdf  used on input line 177. on input line 177
.
Package pdftex.def Info: Requested size: 352.31625pt x 226.50139pt on input lin
e 177.

[4] [5 <./carpMap.pdf>]
\c@ttl@toc@sections=\count118
 (./TRACE_CarpModel.ptc [6]) [7] [8] [9] [10] [11]
[12] [13] [14]
LaTeX Font Info:    Try loading font information for OMS+cmr on input line 628.

 (/usr/local/texlive/2017/texmf-dist/tex/latex/base/omscmr.fd
File: omscmr.fd 2014/09/29 v2.5h Standard LaTeX font definitions
)
LaTeX Font Info:    Font shape `OMS/cmr/bx/n' in size <10> not available
(Font)              Font shape `OMS/cmsy/b/n' tried instead on input line 628.
LaTeX Font Info:    Font shape `OMS/cmr/m/n' in size <10> not available
(Font)              Font shape `OMS/cmsy/m/n' tried instead on input line 631.

[15]
<../../Figure/FlowChart.pdf, id=74, pagebox=cropbox, 184.94295pt x 241.84856pt>

File: ../../Figure/FlowChart.pdf Graphic file (type pdf)
<use ../../Figure/FlowChart.pdf>
Package pdftex.def Info: ../../Figure/FlowChart.pdf  used on input line 693. on
 input line 693.
Package pdftex.def Info: Requested size: 187.89914pt x 245.71909pt on input lin
e 693.
LaTeX Font Info:    Font shape `OT1/cmtt/bx/n' in size <10> not available
(Font)              Font shape `OT1/cmtt/m/n' tried instead on input line 708.
 [16]
<../../model/carpipm/testOutputs/constantSurvival.pdf, id=78, pagebox=cropbox, 
289.08pt x 289.08pt>
File: ../../model/carpipm/testOutputs/constantSurvival.pdf Graphic file (type p
df)
<use ../../model/carpipm/testOutputs/constantSurvival.pdf>
Package pdftex.def Info: ../../model/carpipm/testOutputs/constantSurvival.pdf  
used on input line 727. on input line 727.
Package pdftex.def Info: Requested size: 93.94957pt x 93.94987pt on input line 
727.
<../../model/carpipm/testOutputs/growthKernal.pdf, id=79, pagebox=cropbox, 433.
62pt x 289.08pt>
File: ../../model/carpipm/testOutputs/growthKernal.pdf Graphic file (type pdf)
<use ../../model/carpipm/testOutputs/growthKernal.pdf>
Package pdftex.def Info: ../../model/carpipm/testOutputs/growthKernal.pdf  used
 on input line 733. on input line 733.
Package pdftex.def Info: Requested size: 140.92793pt x 93.94987pt on input line
 733.
<../../model/carpipm/testOutputs/initialPopulation.pdf, id=80, pagebox=cropbox,
 289.08pt x 289.08pt>
File: ../../model/carpipm/testOutputs/initialPopulation.pdf Graphic file (type 
pdf)
<use ../../model/carpipm/testOutputs/initialPopulation.pdf>
Package pdftex.def Info: ../../model/carpipm/testOutputs/initialPopulation.pdf 
 used on input line 739. on input line 739.
Package pdftex.def Info: Requested size: 93.94957pt x 93.94987pt on input line 
739.

Underfull \hbox (badness 2197) in paragraph at lines 740--740
[]\OT1/cmr/m/n/9 (c) |Ini-tial pop-u-la-tion
 []

[17 <../../Figure/FlowChart.pdf> <../../model/carpipm/testOutputs/constantSurvi
val.pdf> <../../model/carpipm/testOutputs/growthKernal.pdf> <../../model/carpip
m/testOutputs/initialPopulation.pdf>]
<../../model/carpipm/testOutputs/popOut1.pdf, id=127, pagebox=cropbox, 289.08pt
 x 289.08pt>
File: ../../model/carpipm/testOutputs/popOut1.pdf Graphic file (type pdf)
<use ../../model/carpipm/testOutputs/popOut1.pdf>
Package pdftex.def Info: ../../model/carpipm/testOutputs/popOut1.pdf  used on i
nput line 759. on input line 759.
Package pdftex.def Info: Requested size: 211.38832pt x 211.38834pt on input lin
e 759.
<../../model/carpipm/testOutputs/sizeOut1.pdf, id=128, pagebox=cropbox, 289.08p
t x 289.08pt>
File: ../../model/carpipm/testOutputs/sizeOut1.pdf Graphic file (type pdf)
<use ../../model/carpipm/testOutputs/sizeOut1.pdf>
Package pdftex.def Info: ../../model/carpipm/testOutputs/sizeOut1.pdf  used on 
input line 765. on input line 765.
Package pdftex.def Info: Requested size: 211.38832pt x 211.38834pt on input lin
e 765.
<../../model/carpipm/testOutputs/varySurvival.pdf, id=129, pagebox=cropbox, 289
.08pt x 289.08pt>
File: ../../model/carpipm/testOutputs/varySurvival.pdf Graphic file (type pdf)
<use ../../model/carpipm/testOutputs/varySurvival.pdf>
Package pdftex.def Info: ../../model/carpipm/testOutputs/varySurvival.pdf  used
 on input line 782. on input line 782.
Package pdftex.def Info: Requested size: 211.38832pt x 211.38834pt on input lin
e 782.
<../../model/carpipm/testOutputs/popOut2.pdf, id=130, pagebox=cropbox, 289.08pt
 x 289.08pt>
File: ../../model/carpipm/testOutputs/popOut2.pdf Graphic file (type pdf)
<use ../../model/carpipm/testOutputs/popOut2.pdf>
Package pdftex.def Info: ../../model/carpipm/testOutputs/popOut2.pdf  used on i
nput line 798. on input line 798.
Package pdftex.def Info: Requested size: 140.92793pt x 140.92703pt on input lin
e 798.
<../../model/carpipm/testOutputs/sizeOut2.pdf, id=131, pagebox=cropbox, 289.08p
t x 289.08pt>
File: ../../model/carpipm/testOutputs/sizeOut2.pdf Graphic file (type pdf)
<use ../../model/carpipm/testOutputs/sizeOut2.pdf>
Package pdftex.def Info: ../../model/carpipm/testOutputs/sizeOut2.pdf  used on 
input line 804. on input line 804.
Package pdftex.def Info: Requested size: 140.92793pt x 140.92703pt on input lin
e 804.
<../../model/carpipm/testOutputs/JuvenileSize.pdf, id=132, pagebox=cropbox, 289
.08pt x 289.08pt>
File: ../../model/carpipm/testOutputs/JuvenileSize.pdf Graphic file (type pdf)
<use ../../model/carpipm/testOutputs/JuvenileSize.pdf>
Package pdftex.def Info: ../../model/carpipm/testOutputs/JuvenileSize.pdf  used
 on input line 825. on input line 825.
Package pdftex.def Info: Requested size: 211.38832pt x 211.38834pt on input lin
e 825.
<../../model/carpipm/testOutputs/probSpawning.pdf, id=133, pagebox=cropbox, 289
.08pt x 289.08pt>
File: ../../model/carpipm/testOutputs/probSpawning.pdf Graphic file (type pdf)
<use ../../model/carpipm/testOutputs/probSpawning.pdf>
Package pdftex.def Info: ../../model/carpipm/testOutputs/probSpawning.pdf  used
 on input line 831. on input line 831.
Package pdftex.def Info: Requested size: 211.38832pt x 211.38834pt on input lin
e 831.
<../../model/carpipm/testOutputs/eggSize.pdf, id=134, pagebox=cropbox, 289.08pt
 x 289.08pt>
File: ../../model/carpipm/testOutputs/eggSize.pdf Graphic file (type pdf)
<use ../../model/carpipm/testOutputs/eggSize.pdf>
Package pdftex.def Info: ../../model/carpipm/testOutputs/eggSize.pdf  used on i
nput line 837. on input line 837.
Package pdftex.def Info: Requested size: 211.38832pt x 211.38834pt on input lin
e 837.
<../../model/carpipm/testOutputs/popOut3.pdf, id=135, pagebox=cropbox, 289.08pt
 x 289.08pt>
File: ../../model/carpipm/testOutputs/popOut3.pdf Graphic file (type pdf)
<use ../../model/carpipm/testOutputs/popOut3.pdf>
Package pdftex.def Info: ../../model/carpipm/testOutputs/popOut3.pdf  used on i
nput line 853. on input line 853.
Package pdftex.def Info: Requested size: 211.38832pt x 211.38834pt on input lin
e 853.
<../../model/carpipm/testOutputs/sizeOut3.pdf, id=136, pagebox=cropbox, 289.08p
t x 289.08pt>
File: ../../model/carpipm/testOutputs/sizeOut3.pdf Graphic file (type pdf)
<use ../../model/carpipm/testOutputs/sizeOut3.pdf>
Package pdftex.def Info: ../../model/carpipm/testOutputs/sizeOut3.pdf  used on 
input line 859. on input line 859.
Package pdftex.def Info: Requested size: 211.38832pt x 211.38834pt on input lin
e 859.
 [18 <../../model/carpipm/testOutputs/popOut1.pdf> <../../model/carpipm/testOut
puts/sizeOut1.pdf>] [19 <../../model/carpipm/testOutputs/varySurvival.pdf> <../
../model/carpipm/testOutputs/popOut2.pdf> <../../model/carpipm/testOutputs/size
Out2.pdf>] [20 <../../model/carpipm/testOutputs/JuvenileSize.pdf> <../../model/
carpipm/testOutputs/probSpawning.pdf> <../../model/carpipm/testOutputs/eggSize.
pdf>]
<../../model/carpipm/testOutputs/LW.pdf, id=190, pagebox=cropbox, 289.08pt x 28
9.08pt>
File: ../../model/carpipm/testOutputs/LW.pdf Graphic file (type pdf)
<use ../../model/carpipm/testOutputs/LW.pdf>
Package pdftex.def Info: ../../model/carpipm/testOutputs/LW.pdf  used on input 
line 885. on input line 885.
Package pdftex.def Info: Requested size: 211.38832pt x 211.38834pt on input lin
e 885.
<../../model/carpipm/testOutputs/biomass.pdf, id=191, pagebox=cropbox, 289.08pt
 x 289.08pt>
File: ../../model/carpipm/testOutputs/biomass.pdf Graphic file (type pdf)
<use ../../model/carpipm/testOutputs/biomass.pdf>
Package pdftex.def Info: ../../model/carpipm/testOutputs/biomass.pdf  used on i
nput line 891. on input line 891.
Package pdftex.def Info: Requested size: 211.38832pt x 211.38834pt on input lin
e 891.
<../../model/carpipm/testOutputs/popOut4.pdf, id=192, pagebox=cropbox, 289.08pt
 x 289.08pt>
File: ../../model/carpipm/testOutputs/popOut4.pdf Graphic file (type pdf)
<use ../../model/carpipm/testOutputs/popOut4.pdf>
Package pdftex.def Info: ../../model/carpipm/testOutputs/popOut4.pdf  used on i
nput line 906. on input line 906.
Package pdftex.def Info: Requested size: 187.89914pt x 187.89977pt on input lin
e 906.
<../../model/carpipm/testOutputs/sizeOut4.pdf, id=193, pagebox=cropbox, 289.08p
t x 289.08pt>
File: ../../model/carpipm/testOutputs/sizeOut4.pdf Graphic file (type pdf)
<use ../../model/carpipm/testOutputs/sizeOut4.pdf>
Package pdftex.def Info: ../../model/carpipm/testOutputs/sizeOut4.pdf  used on 
input line 912. on input line 912.
Package pdftex.def Info: Requested size: 187.89914pt x 187.89977pt on input lin
e 912.
<../../model/carpipm/testOutputs/popOut5.pdf, id=194, pagebox=cropbox, 289.08pt
 x 289.08pt>
File: ../../model/carpipm/testOutputs/popOut5.pdf Graphic file (type pdf)
<use ../../model/carpipm/testOutputs/popOut5.pdf>
Package pdftex.def Info: ../../model/carpipm/testOutputs/popOut5.pdf  used on i
nput line 918. on input line 918.
Package pdftex.def Info: Requested size: 187.89914pt x 187.89977pt on input lin
e 918.
<../../model/carpipm/testOutputs/popOutHist5.pdf, id=195, pagebox=cropbox, 289.
08pt x 289.08pt>
File: ../../model/carpipm/testOutputs/popOutHist5.pdf Graphic file (type pdf)
<use ../../model/carpipm/testOutputs/popOutHist5.pdf>
Package pdftex.def Info: ../../model/carpipm/testOutputs/popOutHist5.pdf  used 
on input line 924. on input line 924.
Package pdftex.def Info: Requested size: 187.89914pt x 187.89977pt on input lin
e 924.
<../../model/carpipm/testOutputs/sizeOut5.pdf, id=196, pagebox=cropbox, 289.08p
t x 289.08pt>
File: ../../model/carpipm/testOutputs/sizeOut5.pdf Graphic file (type pdf)
<use ../../model/carpipm/testOutputs/sizeOut5.pdf>
Package pdftex.def Info: ../../model/carpipm/testOutputs/sizeOut5.pdf  used on 
input line 930. on input line 930.
Package pdftex.def Info: Requested size: 187.89914pt x 187.89977pt on input lin
e 930.
 [21 <../../model/carpipm/testOutputs/popOut3.pdf> <../../model/carpipm/testOut
puts/sizeOut3.pdf>] [22 <../../model/carpipm/testOutputs/LW.pdf> <../../model/c
arpipm/testOutputs/biomass.pdf>]
[23 <../../model/carpipm/testOutputs/popOut4.pdf> <../../model/carpipm/testOutp
uts/sizeOut4.pdf> <../../model/carpipm/testOutputs/popOut5.pdf> <../../model/ca
rpipm/testOutputs/popOutHist5.pdf> <../../model/carpipm/testOutputs/sizeOut5.pd
f>]
<../../model/carpipm/sensOut/eggTransition.pdf, id=254, pagebox=cropbox, 433.62
pt x 289.08pt>
File: ../../model/carpipm/sensOut/eggTransition.pdf Graphic file (type pdf)
<use ../../model/carpipm/sensOut/eggTransition.pdf>
Package pdftex.def Info: ../../model/carpipm/sensOut/eggTransition.pdf  used on
 input line 1024. on input line 1024.
Package pdftex.def Info: Requested size: 211.38832pt x 140.92703pt on input lin
e 1024.
<../../model/carpipm/sensOut/eggkg.pdf, id=255, pagebox=cropbox, 433.62pt x 289
.08pt>
File: ../../model/carpipm/sensOut/eggkg.pdf Graphic file (type pdf)
<use ../../model/carpipm/sensOut/eggkg.pdf>
Package pdftex.def Info: ../../model/carpipm/sensOut/eggkg.pdf  used on input l
ine 1029. on input line 1029.
Package pdftex.def Info: Requested size: 211.38832pt x 140.92703pt on input lin
e 1029.
<../../model/carpipm/sensOut/maxS.pdf, id=256, pagebox=cropbox, 433.62pt x 289.
08pt>
File: ../../model/carpipm/sensOut/maxS.pdf Graphic file (type pdf)
<use ../../model/carpipm/sensOut/maxS.pdf>
Package pdftex.def Info: ../../model/carpipm/sensOut/maxS.pdf  used on input li
ne 1035. on input line 1035.
Package pdftex.def Info: Requested size: 211.38832pt x 140.92703pt on input lin
e 1035.
<../../model/carpipm/sensOut/minS.pdf, id=257, pagebox=cropbox, 433.62pt x 289.
08pt>
File: ../../model/carpipm/sensOut/minS.pdf Graphic file (type pdf)
<use ../../model/carpipm/sensOut/minS.pdf>
Package pdftex.def Info: ../../model/carpipm/sensOut/minS.pdf  used on input li
ne 1040. on input line 1040.
Package pdftex.def Info: Requested size: 211.38832pt x 140.92703pt on input lin
e 1040.
<../../model/carpipm/sensOut/aG.pdf, id=258, pagebox=cropbox, 433.62pt x 289.08
pt>
File: ../../model/carpipm/sensOut/aG.pdf Graphic file (type pdf)
<use ../../model/carpipm/sensOut/aG.pdf>
Package pdftex.def Info: ../../model/carpipm/sensOut/aG.pdf  used on input line
 1056. on input line 1056.
Package pdftex.def Info: Requested size: 211.38832pt x 140.92703pt on input lin
e 1056.
<../../model/carpipm/sensOut/kG.pdf, id=259, pagebox=cropbox, 433.62pt x 289.08
pt>
File: ../../model/carpipm/sensOut/kG.pdf Graphic file (type pdf)
<use ../../model/carpipm/sensOut/kG.pdf>
Package pdftex.def Info: ../../model/carpipm/sensOut/kG.pdf  used on input line
 1061. on input line 1061.
Package pdftex.def Info: Requested size: 211.38832pt x 140.92703pt on input lin
e 1061.
<../../model/carpipm/sensOut/sigmaG.pdf, id=260, pagebox=cropbox, 433.62pt x 28
9.08pt>
File: ../../model/carpipm/sensOut/sigmaG.pdf Graphic file (type pdf)
<use ../../model/carpipm/sensOut/sigmaG.pdf>
Package pdftex.def Info: ../../model/carpipm/sensOut/sigmaG.pdf  used on input 
line 1066. on input line 1066.
Package pdftex.def Info: Requested size: 211.38832pt x 140.92703pt on input lin
e 1066.
<../../model/carpipm/sensOut/birthSexRatioFemales.pdf, id=261, pagebox=cropbox,
 433.62pt x 289.08pt>
File: ../../model/carpipm/sensOut/birthSexRatioFemales.pdf Graphic file (type p
df)
<use ../../model/carpipm/sensOut/birthSexRatioFemales.pdf>
Package pdftex.def Info: ../../model/carpipm/sensOut/birthSexRatioFemales.pdf  
used on input line 1071. on input line 1071.
Package pdftex.def Info: Requested size: 211.38832pt x 140.92703pt on input lin
e 1071.
 [24] [25 <../../model/carpipm/sensOut/eggTransition.pdf> <../../model/carpipm/
sensOut/eggkg.pdf> <../../model/carpipm/sensOut/maxS.pdf> <../../model/carpipm/
sensOut/minS.pdf>] [26 <../../model/carpipm/sensOut/aG.pdf> <../../model/carpip
m/sensOut/kG.pdf> <../../model/carpipm/sensOut/sigmaG.pdf> <../../model/carpipm
/sensOut/birthSexRatioFemales.pdf>]
<../../model/carpipm/sensOut/recoverTimeEggT.pdf, id=324, pagebox=cropbox, 433.
62pt x 289.08pt>
File: ../../model/carpipm/sensOut/recoverTimeEggT.pdf Graphic file (type pdf)
<use ../../model/carpipm/sensOut/recoverTimeEggT.pdf>
Package pdftex.def Info: ../../model/carpipm/sensOut/recoverTimeEggT.pdf  used 
on input line 1122. on input line 1122.
Package pdftex.def Info: Requested size: 211.38832pt x 140.92703pt on input lin
e 1122.
<../../model/carpipm/sensOut/recoverTimeEggKg.pdf, id=325, pagebox=cropbox, 433
.62pt x 289.08pt>
File: ../../model/carpipm/sensOut/recoverTimeEggKg.pdf Graphic file (type pdf)
<use ../../model/carpipm/sensOut/recoverTimeEggKg.pdf>
Package pdftex.def Info: ../../model/carpipm/sensOut/recoverTimeEggKg.pdf  used
 on input line 1128. on input line 1128.
Package pdftex.def Info: Requested size: 211.38832pt x 140.92703pt on input lin
e 1128.
<../../model/carpipm/sensOut/recoverTime_aG.pdf, id=326, pagebox=cropbox, 433.6
2pt x 289.08pt>
File: ../../model/carpipm/sensOut/recoverTime_aG.pdf Graphic file (type pdf)
<use ../../model/carpipm/sensOut/recoverTime_aG.pdf>
Package pdftex.def Info: ../../model/carpipm/sensOut/recoverTime_aG.pdf  used o
n input line 1133. on input line 1133.
Package pdftex.def Info: Requested size: 211.38832pt x 140.92703pt on input lin
e 1133.
<../../model/carpipm/sensOut/recoverTime_kG.pdf, id=327, pagebox=cropbox, 433.6
2pt x 289.08pt>
File: ../../model/carpipm/sensOut/recoverTime_kG.pdf Graphic file (type pdf)
<use ../../model/carpipm/sensOut/recoverTime_kG.pdf>
Package pdftex.def Info: ../../model/carpipm/sensOut/recoverTime_kG.pdf  used o
n input line 1138. on input line 1138.
Package pdftex.def Info: Requested size: 211.38832pt x 140.92703pt on input lin
e 1138.
<../../model/carpipm/sensOut/recoverTime_sigmaG.pdf, id=328, pagebox=cropbox, 4
33.62pt x 289.08pt>
File: ../../model/carpipm/sensOut/recoverTime_sigmaG.pdf Graphic file (type pdf
)
<use ../../model/carpipm/sensOut/recoverTime_sigmaG.pdf>
Package pdftex.def Info: ../../model/carpipm/sensOut/recoverTime_sigmaG.pdf  us
ed on input line 1143. on input line 1143.
Package pdftex.def Info: Requested size: 211.38832pt x 140.92703pt on input lin
e 1143.
<../../model/carpipm/sensOut/recoverTime_birthSexRatioFemales.pdf, id=329, page
box=cropbox, 433.62pt x 289.08pt>
File: ../../model/carpipm/sensOut/recoverTime_birthSexRatioFemales.pdf Graphic 
file (type pdf)
<use ../../model/carpipm/sensOut/recoverTime_birthSexRatioFemales.pdf>
Package pdftex.def Info: ../../model/carpipm/sensOut/recoverTime_birthSexRatioF
emales.pdf  used on input line 1148. on input line 1148.
Package pdftex.def Info: Requested size: 211.38832pt x 140.92703pt on input lin
e 1148.
<../../model/carpipm/sensOut/recoverTime_maxS.pdf, id=330, pagebox=cropbox, 433
.62pt x 289.08pt>
File: ../../model/carpipm/sensOut/recoverTime_maxS.pdf Graphic file (type pdf)
<use ../../model/carpipm/sensOut/recoverTime_maxS.pdf>
Package pdftex.def Info: ../../model/carpipm/sensOut/recoverTime_maxS.pdf  used
 on input line 1153. on input line 1153.
Package pdftex.def Info: Requested size: 211.38832pt x 140.92703pt on input lin
e 1153.
<../../model/carpipm/sensOut/recoverTime_minS.pdf, id=331, pagebox=cropbox, 433
.62pt x 289.08pt>
File: ../../model/carpipm/sensOut/recoverTime_minS.pdf Graphic file (type pdf)
<use ../../model/carpipm/sensOut/recoverTime_minS.pdf>
Package pdftex.def Info: ../../model/carpipm/sensOut/recoverTime_minS.pdf  used
 on input line 1158. on input line 1158.
Package pdftex.def Info: Requested size: 211.38832pt x 140.92703pt on input lin
e 1158.


LaTeX Warning: Float too large for page by 18.27812pt on input line 1164.

[27] [28 <../../model/carpipm/sensOut/recoverTimeEggT.pdf> <../../model/carpipm
/sensOut/recoverTimeEggKg.pdf> <../../model/carpipm/sensOut/recoverTime_aG.pdf>
 <../../model/carpipm/sensOut/recoverTime_kG.pdf> <../../model/carpipm/sensOut/
recoverTime_sigmaG.pdf> <../../model/carpipm/sensOut/recoverTime_birthSexRatioF
emales.pdf> <../../model/carpipm/sensOut/recoverTime_maxS.pdf> <../../model/car
pipm/sensOut/recoverTime_minS.pdf>] (./TRACE_CarpModel.bbl
Missing character: There is no â in font cmr10!
Missing character: There is no € in font cmr10!
Missing character: There is no ˜ in font cmr10!
Missing character: There is no â in font cmr10!
Missing character: There is no € in font cmr10!
Missing character: There is no ™ in font cmr10!
 [29]
Missing character: There is no â in font cmr10!
Missing character: There is no € in font cmr10!
Missing character: There is no ™ in font cmr10!
Missing character: There is no â in font cmr10!
Missing character: There is no € in font cmr10!
Missing character: There is no “ in font cmr10!
 [30] [31])
\tf@ptc=\write4
\openout4 = `TRACE_CarpModel.ptc'.


[32] (./TRACE_CarpModel.aux)

LaTeX Warning: There were multiply-defined labels.

 ) 
Here is how much of TeX's memory you used:
 5779 strings out of 492990
 91275 string characters out of 6132636
 161197 words of memory out of 5000000
 9191 multiletter control sequences out of 15000+600000
 12013 words of font info for 46 fonts, out of 8000000 for 9000
 1141 hyphenation exceptions out of 8191
 42i,12n,43p,713b,485s stack positions out of 5000i,500n,10000p,200000b,80000s
</usr/local/texlive/2017/texmf-dist/fonts/type1/public/amsfonts/cm/cmbsy10.pf
b></usr/local/texlive/2017/texmf-dist/fonts/type1/public/amsfonts/cm/cmbx10.pfb
></usr/local/texlive/2017/texmf-dist/fonts/type1/public/amsfonts/cm/cmbx12.pfb>
</usr/local/texlive/2017/texmf-dist/fonts/type1/public/amsfonts/cm/cmbxti10.pfb
></usr/local/texlive/2017/texmf-dist/fonts/type1/public/amsfonts/cm/cmex10.pfb>
</usr/local/texlive/2017/texmf-dist/fonts/type1/public/amsfonts/cm/cmmi10.pfb><
/usr/local/texlive/2017/texmf-dist/fonts/type1/public/amsfonts/cm/cmmi6.pfb></u
sr/local/texlive/2017/texmf-dist/fonts/type1/public/amsfonts/cm/cmmi7.pfb></usr
/local/texlive/2017/texmf-dist/fonts/type1/public/amsfonts/cm/cmmi8.pfb></usr/l
ocal/texlive/2017/texmf-dist/fonts/type1/public/amsfonts/cm/cmmi9.pfb></usr/loc
al/texlive/2017/texmf-dist/fonts/type1/public/amsfonts/cm/cmr10.pfb></usr/local
/texlive/2017/texmf-dist/fonts/type1/public/amsfonts/cm/cmr6.pfb></usr/local/te
xlive/2017/texmf-dist/fonts/type1/public/amsfonts/cm/cmr7.pfb></usr/local/texli
ve/2017/texmf-dist/fonts/type1/public/amsfonts/cm/cmr8.pfb></usr/local/texlive/
2017/texmf-dist/fonts/type1/public/amsfonts/cm/cmr9.pfb></usr/local/texlive/201
7/texmf-dist/fonts/type1/public/amsfonts/cm/cmsy10.pfb></usr/local/texlive/2017
/texmf-dist/fonts/type1/public/amsfonts/cm/cmsy6.pfb></usr/local/texlive/2017/t
exmf-dist/fonts/type1/public/amsfonts/cm/cmsy7.pfb></usr/local/texlive/2017/tex
mf-dist/fonts/type1/public/amsfonts/cm/cmti10.pfb></usr/local/texlive/2017/texm
f-dist/fonts/type1/public/amsfonts/cm/cmtt10.pfb>
Output written on TRACE_CarpModel.pdf (32 pages, 863885 bytes).
PDF statistics:
 448 PDF objects out of 1000 (max. 8388607)
 300 compressed objects within 3 object streams
 0 named destinations out of 1000 (max. 500000)
 191 words of extra memory for PDF output out of 10000 (max. 10000000)

